<?xml version="1.0" encoding="UTF-8"?>
<Site BuildName="(empty)"
	BuildStamp="20250121-1353-Experimental"
	Name="(empty)"
	Generator="ctest-3.22.2"
	CompilerName=""
	CompilerVersion=""
	OSName="Linux"
	Hostname="4178081fc5b7"
	OSRelease="5.15.167.4-microsoft-standard-WSL2"
	OSVersion="#1 SMP Tue Nov 5 00:21:55 UTC 2024"
	OSPlatform="x86_64"
	Is64Bits="1"
	VendorString="GenuineIntel"
	VendorID="Intel Corporation"
	FamilyID="6"
	ModelID="186"
	ProcessorCacheSize="12288"
	NumberOfLogicalCPU="12"
	NumberOfPhysicalCPU="6"
	TotalVirtualMemory="4096"
	TotalPhysicalMemory="15815"
	LogicalProcessorsPerPhysical="2"
	ProcessorClockFrequency="2611.21"
	>
	<Testing>
		<StartDateTime>Jan 21 13:53 UTC</StartDateTime>
		<StartTestTime>1737467605</StartTestTime>
		<TestList/>
		<EndDateTime>Jan 21 13:53 UTC</EndDateTime>
		<EndTestTime>1737467605</EndTestTime>
		<ElapsedMinutes>0</ElapsedMinutes>
	</Testing>
</Site>
